{"numTotalTestSuites":29,"numPassedTestSuites":25,"numFailedTestSuites":4,"numPendingTestSuites":0,"numTotalTests":48,"numPassedTests":43,"numFailedTests":5,"numPendingTests":0,"numTodoTests":0,"snapshot":{"added":0,"failure":false,"filesAdded":0,"filesRemoved":0,"filesRemovedList":[],"filesUnmatched":0,"filesUpdated":0,"matched":0,"total":0,"unchecked":0,"uncheckedKeysByFile":[],"unmatched":0,"updated":0,"didUpdate":false},"startTime":1789736512824,"success":false,"testResults":[{"assertionResults":[{"ancestorTitles":["GET /api/categories"],"fullName":"GET /api/categories returns the four seeded categories in id order","status":"passed","title":"returns the four seeded categories in id order","duration":227.7542000000003,"failureMessages":[],"meta":{}}],"startTime":1789736516869,"endTime":1789736517096.7542,"status":"passed","message":"","name":"C:/Users/chuti/Documents/toktickit/server/tests/lab-01/categories.test.ts"},{"assertionResults":[{"ancestorTitles":["GET /api/health"],"fullName":"GET /api/health returns 200 with status ok and the service name","status":"passed","title":"returns 200 with status ok and the service name","duration":108.78489999999965,"failureMessages":[],"meta":{}}],"startTime":1789736516590,"endTime":1789736516698.785,"status":"passed","message":"","name":"C:/Users/chuti/Documents/toktickit/server/tests/lab-01/health.test.ts"},{"assertionResults":[{"ancestorTitles":["Attachment lifecycle"],"fullName":"Attachment lifecycle uploads a valid attachment","status":"failed","title":"uploads a valid attachment","duration":77.85369999999966,"failureMessages":["AssertionError: expected 401 to be 201 // Object.is equality\n    at C:\\Users\\chuti\\Documents\\toktickit\\server\\tests\\lab-02\\attachments.api.test.ts:35:24\n    at processTicksAndRejections (node:internal/process/task_queues:95:5)\n    at file:///C:/Users/chuti/Documents/toktickit/server/node_modules/@vitest/runner/dist/index.js:533:5\n    at runTest (file:///C:/Users/chuti/Documents/toktickit/server/node_modules/@vitest/runner/dist/index.js:1056:11)\n    at runSuite (file:///C:/Users/chuti/Documents/toktickit/server/node_modules/@vitest/runner/dist/index.js:1205:15)\n    at runSuite (file:///C:/Users/chuti/Documents/toktickit/server/node_modules/@vitest/runner/dist/index.js:1205:15)\n    at runFiles (file:///C:/Users/chuti/Documents/toktickit/server/node_modules/@vitest/runner/dist/index.js:1262:5)\n    at startTests (file:///C:/Users/chuti/Documents/toktickit/server/node_modules/@vitest/runner/dist/index.js:1271:3)\n    at file:///C:/Users/chuti/Documents/toktickit/server/node_modules/vitest/dist/chunks/runBaseTests.3qpJUEJM.js:126:11\n    at withEnv (file:///C:/Users/chuti/Documents/toktickit/server/node_modules/vitest/dist/chunks/runBaseTests.3qpJUEJM.js:90:5)"],"meta":{}},{"ancestorTitles":["Attachment lifecycle"],"fullName":"Attachment lifecycle rejects an oversized attachment (API-03)","status":"failed","title":"rejects an oversized attachment (API-03)","duration":54.490099999999984,"failureMessages":["Error: read ECONNRESET\n    at TCP.onStreamRead (node:internal/stream_base_commons:218:20)"],"meta":{}},{"ancestorTitles":["Attachment lifecycle"],"fullName":"Attachment lifecycle rejects adding an attachment as a non-owner (API-12)","status":"failed","title":"rejects adding an attachment as a non-owner (API-12)","duration":21.910800000000563,"failureMessages":["AssertionError: expected 401 to be 404 // Object.is equality\n    at C:\\Users\\chuti\\Documents\\toktickit\\server\\tests\\lab-02\\attachments.api.test.ts:55:24\n    at processTicksAndRejections (node:internal/process/task_queues:95:5)\n    at file:///C:/Users/chuti/Documents/toktickit/server/node_modules/@vitest/runner/dist/index.js:533:5\n    at runTest (file:///C:/Users/chuti/Documents/toktickit/server/node_modules/@vitest/runner/dist/index.js:1056:11)\n    at runSuite (file:///C:/Users/chuti/Documents/toktickit/server/node_modules/@vitest/runner/dist/index.js:1205:15)\n    at runSuite (file:///C:/Users/chuti/Documents/toktickit/server/node_modules/@vitest/runner/dist/index.js:1205:15)\n    at runFiles (file:///C:/Users/chuti/Documents/toktickit/server/node_modules/@vitest/runner/dist/index.js:1262:5)\n    at startTests (file:///C:/Users/chuti/Documents/toktickit/server/node_modules/@vitest/runner/dist/index.js:1271:3)\n    at file:///C:/Users/chuti/Documents/toktickit/server/node_modules/vitest/dist/chunks/runBaseTests.3qpJUEJM.js:126:11\n    at withEnv (file:///C:/Users/chuti/Documents/toktickit/server/node_modules/vitest/dist/chunks/runBaseTests.3qpJUEJM.js:90:5)"],"meta":{}},{"ancestorTitles":["Attachment lifecycle"],"fullName":"Attachment lifecycle soft-removes an attachment and blocks its download (API-10, API-11)","status":"failed","title":"soft-removes an attachment and blocks its download (API-10, API-11)","duration":101.87249999999949,"failureMessages":["AssertionError: expected 500 to be 200 // Object.is equality\n    at C:\\Users\\chuti\\Documents\\toktickit\\server\\tests\\lab-02\\attachments.api.test.ts:70:30\n    at processTicksAndRejections (node:internal/process/task_queues:95:5)\n    at file:///C:/Users/chuti/Documents/toktickit/server/node_modules/@vitest/runner/dist/index.js:533:5\n    at runTest (file:///C:/Users/chuti/Documents/toktickit/server/node_modules/@vitest/runner/dist/index.js:1056:11)\n    at runSuite (file:///C:/Users/chuti/Documents/toktickit/server/node_modules/@vitest/runner/dist/index.js:1205:15)\n    at runSuite (file:///C:/Users/chuti/Documents/toktickit/server/node_modules/@vitest/runner/dist/index.js:1205:15)\n    at runFiles (file:///C:/Users/chuti/Documents/toktickit/server/node_modules/@vitest/runner/dist/index.js:1262:5)\n    at startTests (file:///C:/Users/chuti/Documents/toktickit/server/node_modules/@vitest/runner/dist/index.js:1271:3)\n    at file:///C:/Users/chuti/Documents/toktickit/server/node_modules/vitest/dist/chunks/runBaseTests.3qpJUEJM.js:126:11\n    at withEnv (file:///C:/Users/chuti/Documents/toktickit/server/node_modules/vitest/dist/chunks/runBaseTests.3qpJUEJM.js:90:5)"],"meta":{}}],"startTime":1789736517092,"endTime":1789736517348.8726,"status":"failed","message":"","name":"C:/Users/chuti/Documents/toktickit/server/tests/lab-02/attachments.api.test.ts"},{"assertionResults":[{"ancestorTitles":["POST /api/tickets"],"fullName":"POST /api/tickets creates a valid ticket and returns 201 with a ticketNumber","status":"passed","title":"creates a valid ticket and returns 201 with a ticketNumber","duration":587.8624,"failureMessages":[],"meta":{}},{"ancestorTitles":["POST /api/tickets"],"fullName":"POST /api/tickets rejects an empty summary with a field-level error","status":"passed","title":"rejects an empty summary with a field-level error","duration":108.55509999999958,"failureMessages":[],"meta":{}},{"ancestorTitles":["POST /api/tickets"],"fullName":"POST /api/tickets rejects an invalid requestedPriority","status":"passed","title":"rejects an invalid requestedPriority","duration":84.47310000000016,"failureMessages":[],"meta":{}},{"ancestorTitles":["POST /api/tickets"],"fullName":"POST /api/tickets returns 404 for a nonexistent category","status":"passed","title":"returns 404 for a nonexistent category","duration":40.18220000000019,"failureMessages":[],"meta":{}}],"startTime":1789736516556,"endTime":1789736517377.1821,"status":"passed","message":"","name":"C:/Users/chuti/Documents/toktickit/server/tests/lab-02/create-ticket.api.test.ts"},{"assertionResults":[{"ancestorTitles":["GET /api/tickets"],"fullName":"GET /api/tickets returns a paginated list scoped to the requester (API-05)","status":"passed","title":"returns a paginated list scoped to the requester (API-05)","duration":94.1221000000005,"failureMessages":[],"meta":{}},{"ancestorTitles":["GET /api/tickets"],"fullName":"GET /api/tickets searches by summary text (API-06)","status":"passed","title":"searches by summary text (API-06)","duration":29.937399999999798,"failureMessages":[],"meta":{}},{"ancestorTitles":["GET /api/tickets"],"fullName":"GET /api/tickets filters by requestedPriority (API-07)","status":"passed","title":"filters by requestedPriority (API-07)","duration":21.951600000000326,"failureMessages":[],"meta":{}},{"ancestorTitles":["GET /api/tickets"],"fullName":"GET /api/tickets sorts by createdAt descending by default (API-08)","status":"passed","title":"sorts by createdAt descending by default (API-08)","duration":25.170000000000073,"failureMessages":[],"meta":{}},{"ancestorTitles":["GET /api/tickets"],"fullName":"GET /api/tickets returns an empty array with totalItems 0 for a search with no matches (API-09)","status":"passed","title":"returns an empty array with totalItems 0 for a search with no matches (API-09)","duration":29.00500000000011,"failureMessages":[],"meta":{}},{"ancestorTitles":["GET /api/tickets"],"fullName":"GET /api/tickets does not return another requester's tickets","status":"passed","title":"does not return another requester's tickets","duration":53.95089999999982,"failureMessages":[],"meta":{}}],"startTime":1789736517120,"endTime":1789736517374.951,"status":"passed","message":"","name":"C:/Users/chuti/Documents/toktickit/server/tests/lab-02/my-tickets.api.test.ts"},{"assertionResults":[{"ancestorTitles":["GET /api/related-systems"],"fullName":"GET /api/related-systems returns active related systems","status":"passed","title":"returns active related systems","duration":232.9372000000003,"failureMessages":[],"meta":{}}],"startTime":1789736516479,"endTime":1789736516711.9373,"status":"passed","message":"","name":"C:/Users/chuti/Documents/toktickit/server/tests/lab-02/related-systems.api.test.ts"},{"assertionResults":[{"ancestorTitles":["GET /api/requesters"],"fullName":"GET /api/requesters returns only active requesters","status":"passed","title":"returns only active requesters","duration":245.85629999999992,"failureMessages":[],"meta":{}}],"startTime":1789736516505,"endTime":1789736516750.8562,"status":"passed","message":"","name":"C:/Users/chuti/Documents/toktickit/server/tests/lab-02/requesters.api.test.ts"},{"assertionResults":[{"ancestorTitles":["GET /api/tickets/:id"],"fullName":"GET /api/tickets/:id returns the ticket for its owner","status":"passed","title":"returns the ticket for its owner","duration":107.56550000000016,"failureMessages":[],"meta":{}},{"ancestorTitles":["GET /api/tickets/:id"],"fullName":"GET /api/tickets/:id returns 404 when a different requester requests it (API-04)","status":"passed","title":"returns 404 when a different requester requests it (API-04)","duration":31.976599999999962,"failureMessages":[],"meta":{}}],"startTime":1789736517045,"endTime":1789736517185.9766,"status":"passed","message":"","name":"C:/Users/chuti/Documents/toktickit/server/tests/lab-02/ticket-detail.api.test.ts"},{"assertionResults":[{"ancestorTitles":["generateTicketNumber"],"fullName":"generateTicketNumber returns the required TKT-YYYY-NNNNNN format","status":"passed","title":"returns the required TKT-YYYY-NNNNNN format","duration":5.560500000000047,"failureMessages":[],"meta":{}}],"startTime":1789736514913,"endTime":1789736514918.5605,"status":"passed","message":"","name":"C:/Users/chuti/Documents/toktickit/server/tests/lab-02/ticketNumber.unit.test.ts"},{"assertionResults":[{"ancestorTitles":["POST /api/auth/login"],"fullName":"POST /api/auth/login logs in with valid credentials, sets an HTTP-only cookie, and returns safe user data (API-01)","status":"passed","title":"logs in with valid credentials, sets an HTTP-only cookie, and returns safe user data (API-01)","duration":415.2102,"failureMessages":[],"meta":{}},{"ancestorTitles":["POST /api/auth/login"],"fullName":"POST /api/auth/login reflects requiresPasswordChange: true for a freshly seeded user (API-02)","status":"failed","title":"reflects requiresPasswordChange: true for a freshly seeded user (API-02)","duration":261.7972,"failureMessages":["AssertionError: expected false to be true // Object.is equality\n    at C:\\Users\\chuti\\Documents\\toktickit\\server\\tests\\lab-03\\auth.api.test.ts:47:50\n    at processTicksAndRejections (node:internal/process/task_queues:95:5)\n    at file:///C:/Users/chuti/Documents/toktickit/server/node_modules/@vitest/runner/dist/index.js:533:5\n    at runTest (file:///C:/Users/chuti/Documents/toktickit/server/node_modules/@vitest/runner/dist/index.js:1056:11)\n    at runSuite (file:///C:/Users/chuti/Documents/toktickit/server/node_modules/@vitest/runner/dist/index.js:1205:15)\n    at runSuite (file:///C:/Users/chuti/Documents/toktickit/server/node_modules/@vitest/runner/dist/index.js:1205:15)\n    at runFiles (file:///C:/Users/chuti/Documents/toktickit/server/node_modules/@vitest/runner/dist/index.js:1262:5)\n    at startTests (file:///C:/Users/chuti/Documents/toktickit/server/node_modules/@vitest/runner/dist/index.js:1271:3)\n    at file:///C:/Users/chuti/Documents/toktickit/server/node_modules/vitest/dist/chunks/runBaseTests.3qpJUEJM.js:126:11\n    at withEnv (file:///C:/Users/chuti/Documents/toktickit/server/node_modules/vitest/dist/chunks/runBaseTests.3qpJUEJM.js:90:5)"],"meta":{}},{"ancestorTitles":["POST /api/auth/login"],"fullName":"POST /api/auth/login rejects an incorrect password with a safe, generic message","status":"passed","title":"rejects an incorrect password with a safe, generic message","duration":188.55090000000018,"failureMessages":[],"meta":{}},{"ancestorTitles":["POST /api/auth/login"],"fullName":"POST /api/auth/login rejects a nonexistent email with the same generic message as a wrong password","status":"passed","title":"rejects a nonexistent email with the same generic message as a wrong password","duration":18.841300000000047,"failureMessages":[],"meta":{}},{"ancestorTitles":["POST /api/auth/login"],"fullName":"POST /api/auth/login rejects login for an inactive account without revealing it exists","status":"passed","title":"rejects login for an inactive account without revealing it exists","duration":20.229299999999967,"failureMessages":[],"meta":{}},{"ancestorTitles":["POST /api/auth/login"],"fullName":"POST /api/auth/login returns 400 when email or password is missing","status":"passed","title":"returns 400 when email or password is missing","duration":14.467099999999846,"failureMessages":[],"meta":{}},{"ancestorTitles":["GET /api/auth/me"],"fullName":"GET /api/auth/me returns the current user when a valid session cookie is present","status":"passed","title":"returns the current user when a valid session cookie is present","duration":197.79899999999998,"failureMessages":[],"meta":{}},{"ancestorTitles":["GET /api/auth/me"],"fullName":"GET /api/auth/me returns 401 when no cookie is present","status":"passed","title":"returns 401 when no cookie is present","duration":12.780499999999847,"failureMessages":[],"meta":{}},{"ancestorTitles":["GET /api/auth/me"],"fullName":"GET /api/auth/me returns 401 for a malformed or tampered token","status":"passed","title":"returns 401 for a malformed or tampered token","duration":14.585399999999936,"failureMessages":[],"meta":{}},{"ancestorTitles":["POST /api/auth/logout"],"fullName":"POST /api/auth/logout clears the session cookie","status":"passed","title":"clears the session cookie","duration":167.6837000000005,"failureMessages":[],"meta":{}},{"ancestorTitles":["POST /api/auth/change-password"],"fullName":"POST /api/auth/change-password changes the password on the correct current password and a valid new one, clearing requiresPasswordChange","status":"passed","title":"changes the password on the correct current password and a valid new one, clearing requiresPasswordChange","duration":1131.9628000000002,"failureMessages":[],"meta":{}},{"ancestorTitles":["POST /api/auth/change-password"],"fullName":"POST /api/auth/change-password rejects the wrong current password","status":"passed","title":"rejects the wrong current password","duration":319.0513000000001,"failureMessages":[],"meta":{}},{"ancestorTitles":["POST /api/auth/change-password"],"fullName":"POST /api/auth/change-password rejects a weak new password","status":"passed","title":"rejects a weak new password","duration":207.83759999999984,"failureMessages":[],"meta":{}},{"ancestorTitles":["POST /api/auth/change-password"],"fullName":"POST /api/auth/change-password requires authentication","status":"passed","title":"requires authentication","duration":25.944399999999405,"failureMessages":[],"meta":{}}],"startTime":1789736516820,"endTime":1789736519819.9443,"status":"failed","message":"","name":"C:/Users/chuti/Documents/toktickit/server/tests/lab-03/auth.api.test.ts"},{"assertionResults":[{"ancestorTitles":["hashPassword"],"fullName":"hashPassword returns a bcrypt hash, never the plaintext password (UNIT-01)","status":"passed","title":"returns a bcrypt hash, never the plaintext password (UNIT-01)","duration":190.4355999999998,"failureMessages":[],"meta":{}},{"ancestorTitles":["hashPassword"],"fullName":"hashPassword produces a different hash each time due to salting","status":"passed","title":"produces a different hash each time due to salting","duration":405.0105000000003,"failureMessages":[],"meta":{}},{"ancestorTitles":["verifyPassword"],"fullName":"verifyPassword returns true for the correct plaintext against its hash","status":"passed","title":"returns true for the correct plaintext against its hash","duration":428.8562999999999,"failureMessages":[],"meta":{}},{"ancestorTitles":["verifyPassword"],"fullName":"verifyPassword returns false for an incorrect plaintext","status":"passed","title":"returns false for an incorrect plaintext","duration":343.8604,"failureMessages":[],"meta":{}},{"ancestorTitles":["validatePasswordStrength"],"fullName":"validatePasswordStrength accepts a password meeting all requirements","status":"passed","title":"accepts a password meeting all requirements","duration":9.816200000000208,"failureMessages":[],"meta":{}},{"ancestorTitles":["validatePasswordStrength"],"fullName":"validatePasswordStrength rejects a password shorter than 8 characters","status":"passed","title":"rejects a password shorter than 8 characters","duration":4.85109999999986,"failureMessages":[],"meta":{}},{"ancestorTitles":["validatePasswordStrength"],"fullName":"validatePasswordStrength rejects a password with no uppercase letter","status":"passed","title":"rejects a password with no uppercase letter","duration":4.548999999999978,"failureMessages":[],"meta":{}},{"ancestorTitles":["validatePasswordStrength"],"fullName":"validatePasswordStrength rejects a password with no lowercase letter","status":"passed","title":"rejects a password with no lowercase letter","duration":1.4203999999999724,"failureMessages":[],"meta":{}},{"ancestorTitles":["validatePasswordStrength"],"fullName":"validatePasswordStrength rejects a password with no number","status":"passed","title":"rejects a password with no number","duration":1.3755000000001019,"failureMessages":[],"meta":{}},{"ancestorTitles":["validatePasswordStrength"],"fullName":"validatePasswordStrength returns multiple errors when several rules fail at once","status":"passed","title":"returns multiple errors when several rules fail at once","duration":0.8562000000001717,"failureMessages":[],"meta":{}}],"startTime":1789736514942,"endTime":1789736516336.8562,"status":"passed","message":"","name":"C:/Users/chuti/Documents/toktickit/server/tests/lab-03/auth.unit.test.ts"},{"assertionResults":[{"ancestorTitles":["Requester session-based ticket access and public comments"],"fullName":"Requester session-based ticket access and public comments uses the authenticated requester identity instead of a client-supplied requesterId","status":"passed","title":"uses the authenticated requester identity instead of a client-supplied requesterId","duration":1064.4505,"failureMessages":[],"meta":{}},{"ancestorTitles":["Requester session-based ticket access and public comments"],"fullName":"Requester session-based ticket access and public comments creates and retrieves a public comment for the owning requester","status":"passed","title":"creates and retrieves a public comment for the owning requester","duration":507.20310000000063,"failureMessages":[],"meta":{}},{"ancestorTitles":["Requester session-based ticket access and public comments"],"fullName":"Requester session-based ticket access and public comments allows a requester to flag a ticket as appearing resolved","status":"passed","title":"allows a requester to flag a ticket as appearing resolved","duration":454.28420000000006,"failureMessages":[],"meta":{}}],"startTime":1789736516637,"endTime":1789736518663.2842,"status":"passed","message":"","name":"C:/Users/chuti/Documents/toktickit/server/tests/lab-03/requester-regression.api.test.ts"}]}